<?xml version="1.0" encoding="UTF-8"?>
<!-- Generated by org.testng.reporters.JUnitReportReporter -->
<testsuite hostname="LAPTOP-DD8S79MB" failures="0" tests="1" name="httpMethods.QueryParams" time="1.783" errors="0" timestamp="2021-06-02T19:26:54 IST" skipped="0">
  <testcase classname="httpMethods.QueryParams" name="queryParamsNested" time="1.783"/>
  <system-out/>
</testsuite> <!-- httpMethods.QueryParams -->
