<?xml version="1.0" encoding="UTF-8"?>
<!-- Generated by org.testng.reporters.JUnitReportReporter -->
<testsuite hostname="LAPTOP-DD8S79MB" failures="0" tests="1" name="Cookies.CookiesBasedByJsonPath" time="1.942" errors="0" timestamp="2021-06-09T18:59:48 IST" skipped="0">
  <testcase classname="Cookies.CookiesBasedByJsonPath" name="cookiesBased" time="1.942"/>
  <system-out/>
</testsuite> <!-- Cookies.CookiesBasedByJsonPath -->
