<?xml version="1.0" encoding="UTF-8"?>
<!-- Generated by org.testng.reporters.JUnitReportReporter -->
<testsuite hostname="LAPTOP-DD8S79MB" failures="0" tests="1" name="httpMethods.PostMethod" time="2.950" errors="0" timestamp="2021-05-30T18:36:15 IST" skipped="0">
  <testcase classname="httpMethods.PostMethod" name="postMethod" time="2.950"/>
  <system-out/>
</testsuite> <!-- httpMethods.PostMethod -->
