<?xml version="1.0" encoding="UTF-8"?>
<!-- Generated by org.testng.reporters.JUnitReportReporter -->
<testsuite hostname="LAPTOP-DD8S79MB" failures="0" tests="1" name="httpMethods.Delete" time="14.968" errors="0" timestamp="2021-05-30T19:44:47 IST" skipped="0">
  <testcase classname="httpMethods.Delete" name="deleteMethod" time="14.968"/>
  <system-out/>
</testsuite> <!-- httpMethods.Delete -->
