<?xml version="1.0" encoding="UTF-8"?>
<!-- Generated by org.testng.reporters.JUnitReportReporter -->
<testsuite hostname="LAPTOP-DD8S79MB" failures="0" tests="1" name="httpMethods.Patch" time="4.067" errors="0" timestamp="2021-05-30T19:33:03 IST" skipped="0">
  <testcase classname="httpMethods.Patch" name="patchMethod" time="4.067"/>
  <system-out/>
</testsuite> <!-- httpMethods.Patch -->
