<?xml version="1.0" encoding="UTF-8"?>
<!-- Generated by org.testng.reporters.JUnitReportReporter -->
<testsuite hostname="LAPTOP-DD8S79MB" failures="0" tests="1" name="Jira.GetComments" time="5.627" errors="0" timestamp="2021-06-17T20:37:38 IST" skipped="0">
  <testcase classname="Jira.GetComments" name="getComments" time="5.627"/>
  <system-out/>
</testsuite> <!-- Jira.GetComments -->
