<?xml version="1.0" encoding="UTF-8"?>
<!-- Generated by org.testng.reporters.JUnitReportReporter -->
<testsuite hostname="LAPTOP-DD8S79MB" failures="0" tests="1" name="Jira.PostComments" time="3.523" errors="0" timestamp="2021-06-03T19:47:54 IST" skipped="0">
  <testcase classname="Jira.PostComments" name="postComments" time="3.523"/>
  <system-out/>
</testsuite> <!-- Jira.PostComments -->
