<?xml version="1.0" encoding="UTF-8"?>
<!-- Generated by org.testng.reporters.JUnitReportReporter -->
<testsuite hostname="LAPTOP-DD8S79MB" failures="0" tests="2" name="Cookies.CookiesBasedByFilter" time="2.074" errors="0" timestamp="2021-06-09T19:14:51 IST" skipped="0">
  <testcase classname="Cookies.CookiesBasedByFilter" name="getComments" time="0.262"/>
  <system-out/>
  <testcase classname="Cookies.CookiesBasedByFilter" name="deleteComments" time="1.812"/>
  <system-out/>
</testsuite> <!-- Cookies.CookiesBasedByFilter -->
