<?xml version="1.0" encoding="UTF-8"?>
<!-- Generated by org.testng.reporters.JUnitReportReporter -->
<testsuite hostname="LAPTOP-DD8S79MB" failures="0" tests="1" name="Cookies.CookiesBased" time="1.562" errors="0" timestamp="2021-06-09T18:45:58 IST" skipped="0">
  <testcase classname="Cookies.CookiesBased" name="cookiesBased" time="1.562"/>
  <system-out/>
</testsuite> <!-- Cookies.CookiesBased -->
