<?xml version="1.0" encoding="UTF-8"?>
<!-- Generated by org.testng.reporters.JUnitReportReporter -->
<testsuite hostname="LAPTOP-DD8S79MB" failures="0" tests="1" name="httpMethods.Put" time="2.942" errors="0" timestamp="2021-05-30T19:08:00 IST" skipped="0">
  <testcase classname="httpMethods.Put" name="PutMethod" time="2.942"/>
  <system-out/>
</testsuite> <!-- httpMethods.Put -->
