<?xml version="1.0" encoding="UTF-8"?>
<!-- Generated by org.testng.reporters.JUnitReportReporter -->
<testsuite hostname="LAPTOP-DD8S79MB" failures="0" tests="1" name="Jira.PutComments" time="3.298" errors="0" timestamp="2021-06-04T09:03:50 IST" skipped="0">
  <testcase classname="Jira.PutComments" name="putComments" time="3.298"/>
  <system-out/>
</testsuite> <!-- Jira.PutComments -->
